<?xml version="1.0" encoding="UTF-8"?>
<testsuite xmlns:xsi="http://www.w3.org/2001/XMLSchema-instance" xsi:noNamespaceSchemaLocation="https://maven.apache.org/surefire/maven-surefire-plugin/xsd/surefire-test-report.xsd" name="com.vinyl.controller.common.GetVinylsTest" time="0.093" tests="2" errors="0" skipped="0" failures="0">
  <properties>
[...]
</properties>
  <testcase name="getVinylTestForCustomer" classname="com.vinyl.controller.common.GetVinylsTest" time="0.069"/>
  <testcase name="getVinylTestForManager" classname="com.vinyl.controller.common.GetVinylsTest" time="0.016"/>
</testsuite>